[06-Jun-2013 10:21:34] LOG FILE
[07-Jun-2013 14:34:47] PHP Warning:  Invalid argument supplied for foreach() in /hermes/waloraweb080/b1625/moo.vinvolcom/i-trace/2013/laseparation/p2mm/vue/recherche.php on line 40
[07-Jun-2013 14:34:47] PHP Warning:  Invalid argument supplied for foreach() in /hermes/waloraweb080/b1625/moo.vinvolcom/i-trace/2013/laseparation/p2mm/vue/recherche.php on line 47
[07-Jun-2013 14:36:45] PHP Warning:  Invalid argument supplied for foreach() in /hermes/waloraweb080/b1625/moo.vinvolcom/i-trace/2013/laseparation/p2mm/vue/recherche.php on line 40
[07-Jun-2013 14:36:45] PHP Warning:  Invalid argument supplied for foreach() in /hermes/waloraweb080/b1625/moo.vinvolcom/i-trace/2013/laseparation/p2mm/vue/recherche.php on line 47
[08-Jun-2013 10:21:23] PHP Warning:  Invalid argument supplied for foreach() in /hermes/waloraweb080/b1625/moo.vinvolcom/i-trace/2013/laseparation/p2mm/vue/recherche.php on line 47
[08-Jun-2013 10:21:23] PHP Warning:  Invalid argument supplied for foreach() in /hermes/waloraweb080/b1625/moo.vinvolcom/i-trace/2013/laseparation/p2mm/vue/recherche.php on line 54
[08-Jun-2013 17:49:07] PHP Warning:  array_multisort() [<a href='function.array-multisort'>function.array-multisort</a>]: Argument #1 is expected to be an array or a sort flag in /hermes/waloraweb080/b1625/moo.vinvolcom/i-trace/2013/laseparation/p2mm/vue/recherche.php on line 90
[08-Jun-2013 17:59:07] PHP Warning:  array_multisort() [<a href='function.array-multisort'>function.array-multisort</a>]: Argument #1 is expected to be an array or a sort flag in /hermes/waloraweb080/b1625/moo.vinvolcom/i-trace/2013/laseparation/p2mm/vue/recherche.php on line 90
[08-Jun-2013 18:35:49] PHP Warning:  array_multisort() [<a href='function.array-multisort'>function.array-multisort</a>]: Argument #1 is expected to be an array or a sort flag in /hermes/waloraweb080/b1625/moo.vinvolcom/i-trace/2013/laseparation/p2mm/vue/recherche.php on line 103
[08-Jun-2013 18:36:00] PHP Warning:  array_multisort() [<a href='function.array-multisort'>function.array-multisort</a>]: Argument #1 is expected to be an array or a sort flag in /hermes/waloraweb080/b1625/moo.vinvolcom/i-trace/2013/laseparation/p2mm/vue/recherche.php on line 103
[08-Jun-2013 18:36:56] PHP Parse error:  syntax error, unexpected $end in /hermes/waloraweb080/b1625/moo.vinvolcom/i-trace/2013/laseparation/p2mm/vue/recherche.php on line 119
[08-Jun-2013 18:39:02] PHP Warning:  array_multisort() [<a href='function.array-multisort'>function.array-multisort</a>]: Argument #1 is expected to be an array or a sort flag in /hermes/waloraweb080/b1625/moo.vinvolcom/i-trace/2013/laseparation/p2mm/controleurs/recherche.php on line 97
[08-Jun-2013 18:39:07] PHP Warning:  array_multisort() [<a href='function.array-multisort'>function.array-multisort</a>]: Argument #1 is expected to be an array or a sort flag in /hermes/waloraweb080/b1625/moo.vinvolcom/i-trace/2013/laseparation/p2mm/controleurs/recherche.php on line 97
[08-Jun-2013 18:39:19] PHP Warning:  array_multisort() [<a href='function.array-multisort'>function.array-multisort</a>]: Argument #1 is expected to be an array or a sort flag in /hermes/waloraweb080/b1625/moo.vinvolcom/i-trace/2013/laseparation/p2mm/controleurs/recherche.php on line 97
[08-Jun-2013 18:40:11] PHP Warning:  array_multisort() [<a href='function.array-multisort'>function.array-multisort</a>]: Argument #1 is expected to be an array or a sort flag in /hermes/waloraweb080/b1625/moo.vinvolcom/i-trace/2013/laseparation/p2mm/controleurs/recherche.php on line 97
[08-Jun-2013 18:40:25] PHP Warning:  array_multisort() [<a href='function.array-multisort'>function.array-multisort</a>]: Argument #1 is expected to be an array or a sort flag in /hermes/waloraweb080/b1625/moo.vinvolcom/i-trace/2013/laseparation/p2mm/controleurs/recherche.php on line 97
[08-Jun-2013 18:41:44] PHP Warning:  array_multisort() [<a href='function.array-multisort'>function.array-multisort</a>]: Argument #1 is expected to be an array or a sort flag in /hermes/waloraweb080/b1625/moo.vinvolcom/i-trace/2013/laseparation/p2mm/controleurs/recherche.php on line 98
[08-Jun-2013 18:41:48] PHP Warning:  array_multisort() [<a href='function.array-multisort'>function.array-multisort</a>]: Argument #1 is expected to be an array or a sort flag in /hermes/waloraweb080/b1625/moo.vinvolcom/i-trace/2013/laseparation/p2mm/controleurs/recherche.php on line 98
[08-Jun-2013 18:41:53] PHP Warning:  array_multisort() [<a href='function.array-multisort'>function.array-multisort</a>]: Argument #1 is expected to be an array or a sort flag in /hermes/waloraweb080/b1625/moo.vinvolcom/i-trace/2013/laseparation/p2mm/controleurs/recherche.php on line 98
[08-Jun-2013 18:41:57] PHP Warning:  array_multisort() [<a href='function.array-multisort'>function.array-multisort</a>]: Argument #1 is expected to be an array or a sort flag in /hermes/waloraweb080/b1625/moo.vinvolcom/i-trace/2013/laseparation/p2mm/controleurs/recherche.php on line 98
[08-Jun-2013 18:42:04] PHP Warning:  array_multisort() [<a href='function.array-multisort'>function.array-multisort</a>]: Argument #1 is expected to be an array or a sort flag in /hermes/waloraweb080/b1625/moo.vinvolcom/i-trace/2013/laseparation/p2mm/controleurs/recherche.php on line 98
[08-Jun-2013 18:45:33] PHP Warning:  array_multisort() [<a href='function.array-multisort'>function.array-multisort</a>]: Argument #1 is expected to be an array or a sort flag in /hermes/waloraweb080/b1625/moo.vinvolcom/i-trace/2013/laseparation/p2mm/controleurs/recherche.php on line 95
[08-Jun-2013 18:46:29] PHP Warning:  array_multisort() [<a href='function.array-multisort'>function.array-multisort</a>]: Argument #1 is expected to be an array or a sort flag in /hermes/waloraweb080/b1625/moo.vinvolcom/i-trace/2013/laseparation/p2mm/controleurs/recherche.php on line 102
[08-Jun-2013 18:47:45] PHP Warning:  array_multisort() [<a href='function.array-multisort'>function.array-multisort</a>]: Argument #1 is expected to be an array or a sort flag in /hermes/waloraweb080/b1625/moo.vinvolcom/i-trace/2013/laseparation/p2mm/controleurs/recherche.php on line 102
[08-Jun-2013 18:47:47] PHP Warning:  array_multisort() [<a href='function.array-multisort'>function.array-multisort</a>]: Argument #1 is expected to be an array or a sort flag in /hermes/waloraweb080/b1625/moo.vinvolcom/i-trace/2013/laseparation/p2mm/controleurs/recherche.php on line 102
[09-Jun-2013 05:16:41] PHP Warning:  array_multisort() [<a href='function.array-multisort'>function.array-multisort</a>]: Argument #1 is expected to be an array or a sort flag in /hermes/waloraweb080/b1625/moo.vinvolcom/i-trace/2013/laseparation/p2mm/controleurs/recherche.php on line 102
[09-Jun-2013 05:17:02] PHP Warning:  array_multisort() [<a href='function.array-multisort'>function.array-multisort</a>]: Argument #3 is expected to be an array or a sort flag in /hermes/waloraweb080/b1625/moo.vinvolcom/i-trace/2013/laseparation/p2mm/controleurs/recherche.php on line 91
[09-Jun-2013 11:15:05] PHP Warning:  Invalid argument supplied for foreach() in /hermes/waloraweb080/b1625/moo.vinvolcom/i-trace/2013/laseparation/p2mm/vue/recherche.php on line 47
[09-Jun-2013 11:15:05] PHP Warning:  Invalid argument supplied for foreach() in /hermes/waloraweb080/b1625/moo.vinvolcom/i-trace/2013/laseparation/p2mm/vue/recherche.php on line 54
[09-Jun-2013 11:23:29] PHP Warning:  array_multisort() [<a href='function.array-multisort'>function.array-multisort</a>]: Argument #1 is expected to be an array or a sort flag in /hermes/waloraweb080/b1625/moo.vinvolcom/i-trace/2013/laseparation/p2mm/controleurs/recherche.php on line 102
[09-Jun-2013 11:28:01] PHP Warning:  array_multisort() [<a href='function.array-multisort'>function.array-multisort</a>]: Argument #1 is expected to be an array or a sort flag in /hermes/waloraweb080/b1625/moo.vinvolcom/i-trace/2013/laseparation/p2mm/controleurs/recherche.php on line 83
[09-Jun-2013 11:28:20] PHP Warning:  array_multisort() [<a href='function.array-multisort'>function.array-multisort</a>]: Argument #1 is expected to be an array or a sort flag in /hermes/waloraweb080/b1625/moo.vinvolcom/i-trace/2013/laseparation/p2mm/controleurs/recherche.php on line 102
[09-Jun-2013 16:19:09] PHP Warning:  array_multisort() [<a href='function.array-multisort'>function.array-multisort</a>]: Argument #1 is expected to be an array or a sort flag in /hermes/waloraweb080/b1625/moo.vinvolcom/i-trace/2013/laseparation/p2mm/controleurs/recherche.php on line 102
[10-Jun-2013 02:44:23] PHP Warning:  array_multisort() [<a href='function.array-multisort'>function.array-multisort</a>]: Argument #1 is expected to be an array or a sort flag in /hermes/waloraweb080/b1625/moo.vinvolcom/i-trace/2013/laseparation/p2mm/controleurs/recherche.php on line 102
[10-Jun-2013 02:47:10] PHP Warning:  array_multisort() [<a href='function.array-multisort'>function.array-multisort</a>]: Argument #1 is expected to be an array or a sort flag in /hermes/waloraweb080/b1625/moo.vinvolcom/i-trace/2013/laseparation/p2mm/controleurs/recherche.php on line 102
[10-Jun-2013 02:48:05] PHP Warning:  array_multisort() [<a href='function.array-multisort'>function.array-multisort</a>]: Argument #1 is expected to be an array or a sort flag in /hermes/waloraweb080/b1625/moo.vinvolcom/i-trace/2013/laseparation/p2mm/controleurs/recherche.php on line 95
[10-Jun-2013 05:08:54] PHP Warning:  array_multisort() [<a href='function.array-multisort'>function.array-multisort</a>]: Argument #1 is expected to be an array or a sort flag in /hermes/waloraweb080/b1625/moo.vinvolcom/i-trace/2013/laseparation/p2mm/controleurs/recherche.php on line 102
[10-Jun-2013 10:02:03] PHP Warning:  array_multisort() [<a href='function.array-multisort'>function.array-multisort</a>]: Argument #1 is expected to be an array or a sort flag in /hermes/waloraweb080/b1625/moo.vinvolcom/i-trace/2013/laseparation/p2mm/controleurs/recherche.php on line 96
[10-Jun-2013 10:02:15] PHP Warning:  array_multisort() [<a href='function.array-multisort'>function.array-multisort</a>]: Argument #1 is expected to be an array or a sort flag in /hermes/waloraweb080/b1625/moo.vinvolcom/i-trace/2013/laseparation/p2mm/controleurs/recherche.php on line 96
[10-Jun-2013 10:03:27] PHP Warning:  array_multisort() [<a href='function.array-multisort'>function.array-multisort</a>]: Argument #1 is expected to be an array or a sort flag in /hermes/waloraweb080/b1625/moo.vinvolcom/i-trace/2013/laseparation/p2mm/controleurs/recherche.php on line 96
[10-Jun-2013 10:04:01] PHP Warning:  array_multisort() [<a href='function.array-multisort'>function.array-multisort</a>]: Argument #1 is expected to be an array or a sort flag in /hermes/waloraweb080/b1625/moo.vinvolcom/i-trace/2013/laseparation/p2mm/controleurs/recherche.php on line 96
[10-Jun-2013 10:04:20] PHP Warning:  array_multisort() [<a href='function.array-multisort'>function.array-multisort</a>]: Argument #1 is expected to be an array or a sort flag in /hermes/waloraweb080/b1625/moo.vinvolcom/i-trace/2013/laseparation/p2mm/controleurs/recherche.php on line 96
[10-Jun-2013 10:04:28] PHP Warning:  array_multisort() [<a href='function.array-multisort'>function.array-multisort</a>]: Argument #1 is expected to be an array or a sort flag in /hermes/waloraweb080/b1625/moo.vinvolcom/i-trace/2013/laseparation/p2mm/controleurs/recherche.php on line 96
[10-Jun-2013 10:04:43] PHP Warning:  array_multisort() [<a href='function.array-multisort'>function.array-multisort</a>]: Argument #1 is expected to be an array or a sort flag in /hermes/waloraweb080/b1625/moo.vinvolcom/i-trace/2013/laseparation/p2mm/controleurs/recherche.php on line 96
[10-Jun-2013 10:08:18] PHP Warning:  array_multisort() [<a href='function.array-multisort'>function.array-multisort</a>]: Argument #1 is expected to be an array or a sort flag in /hermes/waloraweb080/b1625/moo.vinvolcom/i-trace/2013/laseparation/p2mm/controleurs/recherche.php on line 96
[10-Jun-2013 10:08:29] PHP Warning:  array_multisort() [<a href='function.array-multisort'>function.array-multisort</a>]: Argument #1 is expected to be an array or a sort flag in /hermes/waloraweb080/b1625/moo.vinvolcom/i-trace/2013/laseparation/p2mm/controleurs/recherche.php on line 96
[10-Jun-2013 10:10:08] PHP Warning:  array_multisort() [<a href='function.array-multisort'>function.array-multisort</a>]: Argument #1 is expected to be an array or a sort flag in /hermes/waloraweb080/b1625/moo.vinvolcom/i-trace/2013/laseparation/p2mm/controleurs/recherche.php on line 96
[10-Jun-2013 10:11:38] PHP Warning:  unlink(/hermes/waloraweb080/b1625/moo.vinvolcom/i-trace/2013/laseparation/p2mm/Fichiers/Dictionnaires/) [<a href='function.unlink'>function.unlink</a>]: Is a directory in /hermes/waloraweb080/b1625/moo.vinvolcom/i-trace/2013/laseparation/p2mm/controleurs/dictionnaire.php on line 58
[10-Jun-2013 10:11:45] PHP Warning:  unlink(/hermes/waloraweb080/b1625/moo.vinvolcom/i-trace/2013/laseparation/p2mm/Fichiers/Dictionnaires/) [<a href='function.unlink'>function.unlink</a>]: Is a directory in /hermes/waloraweb080/b1625/moo.vinvolcom/i-trace/2013/laseparation/p2mm/controleurs/dictionnaire.php on line 58
[10-Jun-2013 10:14:22] PHP Warning:  unlink(/hermes/waloraweb080/b1625/moo.vinvolcom/i-trace/2013/laseparation/p2mm/Fichiers/Dictionnaires/.csv) [<a href='function.unlink'>function.unlink</a>]: No such file or directory in /hermes/waloraweb080/b1625/moo.vinvolcom/i-trace/2013/laseparation/p2mm/controleurs/dictionnaire.php on line 58
[10-Jun-2013 10:19:13] PHP Warning:  unlink(/hermes/waloraweb080/b1625/moo.vinvolcom/i-trace/2013/laseparation/p2mm/Fichiers/Dictionnaires/) [<a href='function.unlink'>function.unlink</a>]: Is a directory in /hermes/waloraweb080/b1625/moo.vinvolcom/i-trace/2013/laseparation/p2mm/controleurs/dictionnaire.php on line 58
[10-Jun-2013 10:20:53] PHP Warning:  unlink(/hermes/waloraweb080/b1625/moo.vinvolcom/i-trace/2013/laseparation/p2mm/Fichiers/Dictionnaires/dicofrmin.csv) [<a href='function.unlink'>function.unlink</a>]: No such file or directory in /hermes/waloraweb080/b1625/moo.vinvolcom/i-trace/2013/laseparation/p2mm/controleurs/dictionnaire.php on line 58
[10-Jun-2013 10:22:46] codage dico
[11-Jun-2013 15:27:41] PHP Warning:  array_multisort() [<a href='function.array-multisort'>function.array-multisort</a>]: Argument #1 is expected to be an array or a sort flag in /hermes/waloraweb080/b1625/moo.vinvolcom/i-trace/2013/laseparation/p2mm/controleurs/recherche.php on line 96
[11-Jun-2013 15:27:46] PHP Warning:  array_multisort() [<a href='function.array-multisort'>function.array-multisort</a>]: Argument #1 is expected to be an array or a sort flag in /hermes/waloraweb080/b1625/moo.vinvolcom/i-trace/2013/laseparation/p2mm/controleurs/recherche.php on line 96
[11-Jun-2013 15:27:52] PHP Warning:  array_multisort() [<a href='function.array-multisort'>function.array-multisort</a>]: Argument #1 is expected to be an array or a sort flag in /hermes/waloraweb080/b1625/moo.vinvolcom/i-trace/2013/laseparation/p2mm/controleurs/recherche.php on line 96
[11-Jun-2013 15:36:46] PHP Warning:  array_multisort() [<a href='function.array-multisort'>function.array-multisort</a>]: Argument #1 is expected to be an array or a sort flag in /hermes/waloraweb080/b1625/moo.vinvolcom/i-trace/2013/laseparation/p2mm/controleurs/recherche.php on line 96
[12-Jun-2013 06:57:03] PHP Warning:  Invalid argument supplied for foreach() in /hermes/waloraweb080/b1625/moo.vinvolcom/i-trace/2013/laseparation/p2mm/vue/recherche.php on line 47
[12-Jun-2013 06:57:03] PHP Warning:  Invalid argument supplied for foreach() in /hermes/waloraweb080/b1625/moo.vinvolcom/i-trace/2013/laseparation/p2mm/vue/recherche.php on line 54
[12-Jun-2013 11:14:08] PHP Notice:  Undefined index:  password in /hermes/waloraweb080/b1625/moo.vinvolcom/vinvol.com/extplorer/include/login.php on line 92
[12-Jun-2013 11:14:10] PHP Notice:  Undefined index:  password in /hermes/waloraweb080/b1625/moo.vinvolcom/vinvol.com/extplorer/include/login.php on line 92
[12-Jun-2013 11:14:10] PHP Notice:  Undefined index:  password in /hermes/waloraweb080/b1625/moo.vinvolcom/vinvol.com/extplorer/include/login.php on line 92
[12-Jun-2013 11:14:10] PHP Notice:  Undefined index:  password in /hermes/waloraweb080/b1625/moo.vinvolcom/vinvol.com/extplorer/include/login.php on line 92
[12-Jun-2013 11:14:14] PHP Notice:  Undefined index:  password in /hermes/waloraweb080/b1625/moo.vinvolcom/vinvol.com/extplorer/include/login.php on line 92
[12-Jun-2013 11:14:14] PHP Notice:  Undefined index:  password in /hermes/waloraweb080/b1625/moo.vinvolcom/vinvol.com/extplorer/include/login.php on line 92
[12-Jun-2013 11:14:15] PHP Notice:  Undefined index:  password in /hermes/waloraweb080/b1625/moo.vinvolcom/vinvol.com/extplorer/include/login.php on line 92
[12-Jun-2013 11:14:19] PHP Notice:  Undefined index:  password in /hermes/waloraweb080/b1625/moo.vinvolcom/vinvol.com/extplorer/include/login.php on line 92
[12-Jun-2013 11:14:20] PHP Notice:  Undefined index:  password in /hermes/waloraweb080/b1625/moo.vinvolcom/vinvol.com/extplorer/include/login.php on line 92
[12-Jun-2013 11:14:21] PHP Notice:  Undefined index:  password in /hermes/waloraweb080/b1625/moo.vinvolcom/vinvol.com/extplorer/include/login.php on line 92
[12-Jun-2013 11:14:43] PHP Notice:  Undefined index:  password in /hermes/waloraweb080/b1625/moo.vinvolcom/vinvol.com/extplorer/include/login.php on line 92
[12-Jun-2013 11:14:49] PHP Notice:  Undefined index:  password in /hermes/waloraweb080/b1625/moo.vinvolcom/vinvol.com/extplorer/include/login.php on line 92
[12-Jun-2013 11:14:49] PHP Notice:  Undefined index:  password in /hermes/waloraweb080/b1625/moo.vinvolcom/vinvol.com/extplorer/include/login.php on line 92
[12-Jun-2013 16:13:31] PHP Warning:  array_multisort() [<a href='function.array-multisort'>function.array-multisort</a>]: Argument #1 is expected to be an array or a sort flag in /hermes/waloraweb080/b1625/moo.vinvolcom/i-trace/2013/laseparation/p2mm/controleurs/recherche.php on line 102
[12-Jun-2013 16:15:45] PHP Warning:  Missing argument 1 for DictionnaireManager::getAll(), called in /hermes/waloraweb080/b1625/moo.vinvolcom/i-trace/2013/laseparation/p2mm/controleurs/recherche.php on line 12 and defined in /hermes/waloraweb080/b1625/moo.vinvolcom/i-trace/2013/laseparation/p2mm/modele/Managers/DictionnaireManager.php on line 42
[12-Jun-2013 16:16:49] PHP Warning:  Missing argument 1 for DictionnaireManager::getAll(), called in /hermes/waloraweb080/b1625/moo.vinvolcom/i-trace/2013/laseparation/p2mm/controleurs/recherche.php on line 12 and defined in /hermes/waloraweb080/b1625/moo.vinvolcom/i-trace/2013/laseparation/p2mm/modele/Managers/DictionnaireManager.php on line 42
[12-Jun-2013 16:16:49] PHP Warning:  array_multisort() [<a href='function.array-multisort'>function.array-multisort</a>]: Argument #1 is expected to be an array or a sort flag in /hermes/waloraweb080/b1625/moo.vinvolcom/i-trace/2013/laseparation/p2mm/controleurs/recherche.php on line 103
[12-Jun-2013 16:17:10] PHP Warning:  Missing argument 1 for DictionnaireManager::getAll(), called in /hermes/waloraweb080/b1625/moo.vinvolcom/i-trace/2013/laseparation/p2mm/controleurs/recherche.php on line 12 and defined in /hermes/waloraweb080/b1625/moo.vinvolcom/i-trace/2013/laseparation/p2mm/modele/Managers/DictionnaireManager.php on line 42
[12-Jun-2013 16:19:02] PHP Warning:  Missing argument 1 for DictionnaireManager::getAll(), called in /hermes/waloraweb080/b1625/moo.vinvolcom/i-trace/2013/laseparation/p2mm/controleurs/recherche.php on line 12 and defined in /hermes/waloraweb080/b1625/moo.vinvolcom/i-trace/2013/laseparation/p2mm/modele/Managers/DictionnaireManager.php on line 42
[12-Jun-2013 16:19:03] PHP Warning:  array_multisort() [<a href='function.array-multisort'>function.array-multisort</a>]: Argument #1 is expected to be an array or a sort flag in /hermes/waloraweb080/b1625/moo.vinvolcom/i-trace/2013/laseparation/p2mm/controleurs/recherche.php on line 103
[12-Jun-2013 16:19:23] PHP Warning:  Missing argument 1 for DictionnaireManager::getAll(), called in /hermes/waloraweb080/b1625/moo.vinvolcom/i-trace/2013/laseparation/p2mm/controleurs/recherche.php on line 12 and defined in /hermes/waloraweb080/b1625/moo.vinvolcom/i-trace/2013/laseparation/p2mm/modele/Managers/DictionnaireManager.php on line 42
[12-Jun-2013 16:19:53] PHP Warning:  Missing argument 1 for DictionnaireManager::getAll(), called in /hermes/waloraweb080/b1625/moo.vinvolcom/i-trace/2013/laseparation/p2mm/controleurs/recherche.php on line 12 and defined in /hermes/waloraweb080/b1625/moo.vinvolcom/i-trace/2013/laseparation/p2mm/modele/Managers/DictionnaireManager.php on line 42
[12-Jun-2013 16:20:18] PHP Warning:  Missing argument 1 for DictionnaireManager::getAll(), called in /hermes/waloraweb080/b1625/moo.vinvolcom/i-trace/2013/laseparation/p2mm/controleurs/recherche.php on line 12 and defined in /hermes/waloraweb080/b1625/moo.vinvolcom/i-trace/2013/laseparation/p2mm/modele/Managers/DictionnaireManager.php on line 42
[12-Jun-2013 16:22:32] PHP Warning:  Missing argument 1 for DictionnaireManager::getAll(), called in /hermes/waloraweb080/b1625/moo.vinvolcom/i-trace/2013/laseparation/p2mm/controleurs/recherche.php on line 12 and defined in /hermes/waloraweb080/b1625/moo.vinvolcom/i-trace/2013/laseparation/p2mm/modele/Managers/DictionnaireManager.php on line 42
[12-Jun-2013 16:22:51] PHP Warning:  Missing argument 1 for DictionnaireManager::getAll(), called in /hermes/waloraweb080/b1625/moo.vinvolcom/i-trace/2013/laseparation/p2mm/controleurs/recherche.php on line 12 and defined in /hermes/waloraweb080/b1625/moo.vinvolcom/i-trace/2013/laseparation/p2mm/modele/Managers/DictionnaireManager.php on line 42
[12-Jun-2013 16:25:09] PHP Warning:  Missing argument 1 for DictionnaireManager::getAll(), called in /hermes/waloraweb080/b1625/moo.vinvolcom/i-trace/2013/laseparation/p2mm/controleurs/recherche.php on line 12 and defined in /hermes/waloraweb080/b1625/moo.vinvolcom/i-trace/2013/laseparation/p2mm/modele/Managers/DictionnaireManager.php on line 42
[12-Jun-2013 16:26:00] PHP Warning:  Missing argument 1 for DictionnaireManager::getAll(), called in /hermes/waloraweb080/b1625/moo.vinvolcom/i-trace/2013/laseparation/p2mm/controleurs/recherche.php on line 12 and defined in /hermes/waloraweb080/b1625/moo.vinvolcom/i-trace/2013/laseparation/p2mm/modele/Managers/DictionnaireManager.php on line 42
[12-Jun-2013 16:26:24] PHP Warning:  Missing argument 1 for DictionnaireManager::getAll(), called in /hermes/waloraweb080/b1625/moo.vinvolcom/i-trace/2013/laseparation/p2mm/controleurs/recherche.php on line 12 and defined in /hermes/waloraweb080/b1625/moo.vinvolcom/i-trace/2013/laseparation/p2mm/modele/Managers/DictionnaireManager.php on line 42
[12-Jun-2013 16:26:24] PHP Warning:  array_multisort() [<a href='function.array-multisort'>function.array-multisort</a>]: Argument #1 is expected to be an array or a sort flag in /hermes/waloraweb080/b1625/moo.vinvolcom/i-trace/2013/laseparation/p2mm/controleurs/recherche.php on line 103
[12-Jun-2013 16:34:37] PHP Warning:  Missing argument 1 for DictionnaireManager::getAll(), called in /hermes/waloraweb080/b1625/moo.vinvolcom/i-trace/2013/laseparation/p2mm/controleurs/recherche.php on line 12 and defined in /hermes/waloraweb080/b1625/moo.vinvolcom/i-trace/2013/laseparation/p2mm/modele/Managers/DictionnaireManager.php on line 42
[12-Jun-2013 16:35:19] PHP Warning:  Missing argument 1 for DictionnaireManager::getAll(), called in /hermes/waloraweb080/b1625/moo.vinvolcom/i-trace/2013/laseparation/p2mm/controleurs/recherche.php on line 12 and defined in /hermes/waloraweb080/b1625/moo.vinvolcom/i-trace/2013/laseparation/p2mm/modele/Managers/DictionnaireManager.php on line 42
[12-Jun-2013 16:38:37] PHP Warning:  Missing argument 1 for DictionnaireManager::getAll(), called in /hermes/waloraweb080/b1625/moo.vinvolcom/i-trace/2013/laseparation/p2mm/controleurs/recherche.php on line 12 and defined in /hermes/waloraweb080/b1625/moo.vinvolcom/i-trace/2013/laseparation/p2mm/modele/Managers/DictionnaireManager.php on line 42
[12-Jun-2013 16:38:37] PHP Warning:  Missing argument 1 for DictionnaireManager::getAll(), called in /hermes/waloraweb080/b1625/moo.vinvolcom/i-trace/2013/laseparation/p2mm/controleurs/recherche.php on line 12 and defined in /hermes/waloraweb080/b1625/moo.vinvolcom/i-trace/2013/laseparation/p2mm/modele/Managers/DictionnaireManager.php on line 42
[12-Jun-2013 16:39:08] PHP Warning:  Missing argument 1 for DictionnaireManager::getAll(), called in /hermes/waloraweb080/b1625/moo.vinvolcom/i-trace/2013/laseparation/p2mm/controleurs/recherche.php on line 12 and defined in /hermes/waloraweb080/b1625/moo.vinvolcom/i-trace/2013/laseparation/p2mm/modele/Managers/DictionnaireManager.php on line 42
[12-Jun-2013 16:39:08] PHP Warning:  array_multisort() [<a href='function.array-multisort'>function.array-multisort</a>]: Argument #1 is expected to be an array or a sort flag in /hermes/waloraweb080/b1625/moo.vinvolcom/i-trace/2013/laseparation/p2mm/controleurs/recherche.php on line 103
[12-Jun-2013 16:39:36] PHP Warning:  Missing argument 1 for DictionnaireManager::getAll(), called in /hermes/waloraweb080/b1625/moo.vinvolcom/i-trace/2013/laseparation/p2mm/controleurs/recherche.php on line 12 and defined in /hermes/waloraweb080/b1625/moo.vinvolcom/i-trace/2013/laseparation/p2mm/modele/Managers/DictionnaireManager.php on line 42
[12-Jun-2013 16:39:36] PHP Warning:  array_multisort() [<a href='function.array-multisort'>function.array-multisort</a>]: Argument #1 is expected to be an array or a sort flag in /hermes/waloraweb080/b1625/moo.vinvolcom/i-trace/2013/laseparation/p2mm/controleurs/recherche.php on line 103
[12-Jun-2013 16:39:43] PHP Warning:  Missing argument 1 for DictionnaireManager::getAll(), called in /hermes/waloraweb080/b1625/moo.vinvolcom/i-trace/2013/laseparation/p2mm/controleurs/recherche.php on line 12 and defined in /hermes/waloraweb080/b1625/moo.vinvolcom/i-trace/2013/laseparation/p2mm/modele/Managers/DictionnaireManager.php on line 42
[12-Jun-2013 16:39:43] PHP Warning:  array_multisort() [<a href='function.array-multisort'>function.array-multisort</a>]: Argument #1 is expected to be an array or a sort flag in /hermes/waloraweb080/b1625/moo.vinvolcom/i-trace/2013/laseparation/p2mm/controleurs/recherche.php on line 103
[12-Jun-2013 16:44:31] PHP Warning:  Missing argument 1 for DictionnaireManager::getAll(), called in /hermes/waloraweb080/b1625/moo.vinvolcom/i-trace/2013/laseparation/p2mm/controleurs/recherche.php on line 12 and defined in /hermes/waloraweb080/b1625/moo.vinvolcom/i-trace/2013/laseparation/p2mm/modele/Managers/DictionnaireManager.php on line 42
[12-Jun-2013 16:44:50] PHP Warning:  Missing argument 1 for DictionnaireManager::getAll(), called in /hermes/waloraweb080/b1625/moo.vinvolcom/i-trace/2013/laseparation/p2mm/controleurs/recherche.php on line 12 and defined in /hermes/waloraweb080/b1625/moo.vinvolcom/i-trace/2013/laseparation/p2mm/modele/Managers/DictionnaireManager.php on line 42
[12-Jun-2013 16:44:56] PHP Warning:  Missing argument 1 for DictionnaireManager::getAll(), called in /hermes/waloraweb080/b1625/moo.vinvolcom/i-trace/2013/laseparation/p2mm/controleurs/recherche.php on line 12 and defined in /hermes/waloraweb080/b1625/moo.vinvolcom/i-trace/2013/laseparation/p2mm/modele/Managers/DictionnaireManager.php on line 42
[12-Jun-2013 16:44:56] PHP Warning:  array_multisort() [<a href='function.array-multisort'>function.array-multisort</a>]: Argument #1 is expected to be an array or a sort flag in /hermes/waloraweb080/b1625/moo.vinvolcom/i-trace/2013/laseparation/p2mm/controleurs/recherche.php on line 103
[12-Jun-2013 17:49:47] PHP Warning:  array_multisort() [<a href='function.array-multisort'>function.array-multisort</a>]: Argument #1 is expected to be an array or a sort flag in /hermes/waloraweb080/b1625/moo.vinvolcom/i-trace/2013/laseparation/p2mm/controleurs/recherche.php on line 85
[12-Jun-2013 17:59:32] PHP Warning:  array_multisort() [<a href='function.array-multisort'>function.array-multisort</a>]: Argument #1 is expected to be an array or a sort flag in /hermes/waloraweb080/b1625/moo.vinvolcom/i-trace/2013/laseparation/p2mm/controleurs/recherche.php on line 85
[13-Jun-2013 06:17:19] PHP Warning:  array_multisort() [<a href='function.array-multisort'>function.array-multisort</a>]: Argument #1 is expected to be an array or a sort flag in /hermes/waloraweb080/b1625/moo.vinvolcom/i-trace/2013/laseparation/p2mm/controleurs/recherche.php on line 85
[13-Jun-2013 06:17:23] PHP Warning:  array_multisort() [<a href='function.array-multisort'>function.array-multisort</a>]: Argument #1 is expected to be an array or a sort flag in /hermes/waloraweb080/b1625/moo.vinvolcom/i-trace/2013/laseparation/p2mm/controleurs/recherche.php on line 52
[13-Jun-2013 06:18:00] PHP Warning:  array_multisort() [<a href='function.array-multisort'>function.array-multisort</a>]: Argument #1 is expected to be an array or a sort flag in /hermes/waloraweb080/b1625/moo.vinvolcom/i-trace/2013/laseparation/p2mm/controleurs/recherche.php on line 85
[13-Jun-2013 09:32:01] PHP Warning:  array_multisort() [<a href='function.array-multisort'>function.array-multisort</a>]: Argument #1 is expected to be an array or a sort flag in /hermes/waloraweb080/b1625/moo.vinvolcom/i-trace/2013/laseparation/p2mm/controleurs/recherche.php on line 85
[13-Jun-2013 09:32:11] PHP Warning:  array_multisort() [<a href='function.array-multisort'>function.array-multisort</a>]: Argument #1 is expected to be an array or a sort flag in /hermes/waloraweb080/b1625/moo.vinvolcom/i-trace/2013/laseparation/p2mm/controleurs/recherche.php on line 85
[13-Jun-2013 09:32:12] PHP Warning:  array_multisort() [<a href='function.array-multisort'>function.array-multisort</a>]: Argument #1 is expected to be an array or a sort flag in /hermes/waloraweb080/b1625/moo.vinvolcom/i-trace/2013/laseparation/p2mm/controleurs/recherche.php on line 85
[13-Jun-2013 09:33:22] PHP Warning:  Invalid argument supplied for foreach() in /hermes/waloraweb080/b1625/moo.vinvolcom/i-trace/2013/laseparation/p2mm/controleurs/recherche.php on line 41
[13-Jun-2013 09:33:22] PHP Warning:  array_multisort() [<a href='function.array-multisort'>function.array-multisort</a>]: Argument #1 is expected to be an array or a sort flag in /hermes/waloraweb080/b1625/moo.vinvolcom/i-trace/2013/laseparation/p2mm/controleurs/recherche.php on line 49
[13-Jun-2013 09:33:22] PHP Warning:  Invalid argument supplied for foreach() in /hermes/waloraweb080/b1625/moo.vinvolcom/i-trace/2013/laseparation/p2mm/vue/recherche.php on line 103
[13-Jun-2013 09:33:49] PHP Warning:  Invalid argument supplied for foreach() in /hermes/waloraweb080/b1625/moo.vinvolcom/i-trace/2013/laseparation/p2mm/controleurs/recherche.php on line 41
[13-Jun-2013 09:33:49] PHP Warning:  array_multisort() [<a href='function.array-multisort'>function.array-multisort</a>]: Argument #1 is expected to be an array or a sort flag in /hermes/waloraweb080/b1625/moo.vinvolcom/i-trace/2013/laseparation/p2mm/controleurs/recherche.php on line 52
[13-Jun-2013 09:33:49] PHP Warning:  Invalid argument supplied for foreach() in /hermes/waloraweb080/b1625/moo.vinvolcom/i-trace/2013/laseparation/p2mm/vue/recherche.php on line 103
[13-Jun-2013 10:50:18] PHP Warning:  Invalid argument supplied for foreach() in /hermes/waloraweb080/b1625/moo.vinvolcom/i-trace/2013/laseparation/p2mm/controleurs/recherche.php on line 41
[13-Jun-2013 10:50:18] PHP Warning:  array_multisort() [<a href='function.array-multisort'>function.array-multisort</a>]: Argument #1 is expected to be an array or a sort flag in /hermes/waloraweb080/b1625/moo.vinvolcom/i-trace/2013/laseparation/p2mm/controleurs/recherche.php on line 52
[13-Jun-2013 10:50:18] PHP Warning:  Invalid argument supplied for foreach() in /hermes/waloraweb080/b1625/moo.vinvolcom/i-trace/2013/laseparation/p2mm/vue/recherche.php on line 103
[13-Jun-2013 16:46:47] PHP Warning:  array_multisort() [<a href='function.array-multisort'>function.array-multisort</a>]: Argument #1 is expected to be an array or a sort flag in /hermes/waloraweb080/b1625/moo.vinvolcom/i-trace/2013/laseparation/p2mm/controleurs/recherche.php on line 90
Codage dico dicofrmin_h_kCodage dico dicofrmin_l_nCodage dico dicofrmin_o_reCodage dico dicofrmin_ri_z[14-Jun-2013 03:26:46] PHP Warning:  array_multisort() [<a href='function.array-multisort'>function.array-multisort</a>]: Argument #1 is expected to be an array or a sort flag in /hermes/waloraweb080/b1625/moo.vinvolcom/i-trace/2013/laseparation/p2mm/controleurs/recherche.php on line 90
[14-Jun-2013 03:27:53] PHP Warning:  array_multisort() [<a href='function.array-multisort'>function.array-multisort</a>]: Argument #1 is expected to be an array or a sort flag in /hermes/waloraweb080/b1625/moo.vinvolcom/i-trace/2013/laseparation/p2mm/controleurs/recherche.php on line 90
[14-Jun-2013 03:27:54] PHP Warning:  array_multisort() [<a href='function.array-multisort'>function.array-multisort</a>]: Argument #1 is expected to be an array or a sort flag in /hermes/waloraweb080/b1625/moo.vinvolcom/i-trace/2013/laseparation/p2mm/controleurs/recherche.php on line 90
[14-Jun-2013 03:32:43] PHP Warning:  array_multisort() [<a href='function.array-multisort'>function.array-multisort</a>]: Argument #1 is expected to be an array or a sort flag in /hermes/waloraweb080/b1625/moo.vinvolcom/i-trace/2013/laseparation/p2mm/controleurs/recherche.php on line 90
[14-Jun-2013 08:17:09] PHP Warning:  array_multisort() [<a href='function.array-multisort'>function.array-multisort</a>]: Argument #1 is expected to be an array or a sort flag in /hermes/waloraweb080/b1625/moo.vinvolcom/i-trace/2013/laseparation/p2mm/controleurs/recherche.php on line 90
[14-Jun-2013 08:17:19] PHP Warning:  array_multisort() [<a href='function.array-multisort'>function.array-multisort</a>]: Argument #1 is expected to be an array or a sort flag in /hermes/waloraweb080/b1625/moo.vinvolcom/i-trace/2013/laseparation/p2mm/controleurs/recherche.php on line 90
[14-Jun-2013 14:05:25] PHP Warning:  array_multisort() [<a href='function.array-multisort'>function.array-multisort</a>]: Argument #1 is expected to be an array or a sort flag in /hermes/waloraweb080/b1625/moo.vinvolcom/i-trace/2013/laseparation/p2mm/controleurs/recherche.php on line 90
[14-Jun-2013 14:05:38] PHP Warning:  array_multisort() [<a href='function.array-multisort'>function.array-multisort</a>]: Argument #1 is expected to be an array or a sort flag in /hermes/waloraweb080/b1625/moo.vinvolcom/i-trace/2013/laseparation/p2mm/controleurs/recherche.php on line 56
[14-Jun-2013 14:06:04] PHP Warning:  array_multisort() [<a href='function.array-multisort'>function.array-multisort</a>]: Argument #1 is expected to be an array or a sort flag in /hermes/waloraweb080/b1625/moo.vinvolcom/i-trace/2013/laseparation/p2mm/controleurs/recherche.php on line 90
[17-Jun-2013 08:56:41] PHP Warning:  array_multisort() [<a href='function.array-multisort'>function.array-multisort</a>]: Argument #1 is expected to be an array or a sort flag in /hermes/waloraweb080/b1625/moo.vinvolcom/i-trace/2013/laseparation/p2mm/controleurs/recherche.php on line 90
[17-Jun-2013 10:07:10] PHP Warning:  array_multisort() [<a href='function.array-multisort'>function.array-multisort</a>]: Argument #1 is expected to be an array or a sort flag in /hermes/waloraweb080/b1625/moo.vinvolcom/i-trace/2013/laseparation/p2mm/controleurs/recherche.php on line 90
[17-Jun-2013 10:07:25] PHP Warning:  array_multisort() [<a href='function.array-multisort'>function.array-multisort</a>]: Argument #1 is expected to be an array or a sort flag in /hermes/waloraweb080/b1625/moo.vinvolcom/i-trace/2013/laseparation/p2mm/controleurs/recherche.php on line 90
[18-Jun-2013 09:05:34] PHP Warning:  Invalid argument supplied for foreach() in /hermes/waloraweb080/b1625/moo.vinvolcom/i-trace/2013/laseparation/p2mm/vue/recherche.php on line 47
[18-Jun-2013 09:05:34] PHP Warning:  Invalid argument supplied for foreach() in /hermes/waloraweb080/b1625/moo.vinvolcom/i-trace/2013/laseparation/p2mm/vue/recherche.php on line 54
[18-Jun-2013 09:05:59] PHP Warning:  Invalid argument supplied for foreach() in /hermes/waloraweb080/b1625/moo.vinvolcom/i-trace/2013/laseparation/p2mm/vue/recherche.php on line 47
[18-Jun-2013 09:05:59] PHP Warning:  Invalid argument supplied for foreach() in /hermes/waloraweb080/b1625/moo.vinvolcom/i-trace/2013/laseparation/p2mm/vue/recherche.php on line 54
[18-Jun-2013 09:06:06] PHP Warning:  Invalid argument supplied for foreach() in /hermes/waloraweb080/b1625/moo.vinvolcom/i-trace/2013/laseparation/p2mm/vue/recherche.php on line 47
[18-Jun-2013 09:06:06] PHP Warning:  Invalid argument supplied for foreach() in /hermes/waloraweb080/b1625/moo.vinvolcom/i-trace/2013/laseparation/p2mm/vue/recherche.php on line 54
[18-Jun-2013 09:08:04] PHP Warning:  Invalid argument supplied for foreach() in /hermes/waloraweb080/b1625/moo.vinvolcom/i-trace/2013/laseparation/p2mm/vue/recherche.php on line 47
[18-Jun-2013 09:08:04] PHP Warning:  Invalid argument supplied for foreach() in /hermes/waloraweb080/b1625/moo.vinvolcom/i-trace/2013/laseparation/p2mm/vue/recherche.php on line 54
[19-Jun-2013 06:17:54] PHP Warning:  Invalid argument supplied for foreach() in /hermes/waloraweb080/b1625/moo.vinvolcom/i-trace/2013/laseparation/p2mm/vue/recherche.php on line 47
[19-Jun-2013 06:17:54] PHP Warning:  Invalid argument supplied for foreach() in /hermes/waloraweb080/b1625/moo.vinvolcom/i-trace/2013/laseparation/p2mm/vue/recherche.php on line 54
[20-Jun-2013 09:18:21] PHP Warning:  Invalid argument supplied for foreach() in /hermes/waloraweb080/b1625/moo.vinvolcom/i-trace/2013/laseparation/p2mm/vue/recherche.php on line 47
[20-Jun-2013 09:18:21] PHP Warning:  Invalid argument supplied for foreach() in /hermes/waloraweb080/b1625/moo.vinvolcom/i-trace/2013/laseparation/p2mm/vue/recherche.php on line 54
[20-Jun-2013 13:20:52] PHP Notice:  Undefined index:  scheme in /hermes/waloraweb080/b1625/moo.vinvolcom/vinvol.com/tpoxy/index.php on line 191
[20-Jun-2013 13:20:52] PHP Notice:  Undefined index:  scheme in /hermes/waloraweb080/b1625/moo.vinvolcom/vinvol.com/tpoxy/index.php on line 199
[21-Jun-2013 02:18:32] PHP Warning:  array_multisort() [<a href='function.array-multisort'>function.array-multisort</a>]: Argument #1 is expected to be an array or a sort flag in /hermes/waloraweb080/b1625/moo.vinvolcom/i-trace/2013/laseparation/p2mm/controleurs/recherche.php on line 90
[21-Jun-2013 02:18:41] PHP Warning:  array_multisort() [<a href='function.array-multisort'>function.array-multisort</a>]: Argument #1 is expected to be an array or a sort flag in /hermes/waloraweb080/b1625/moo.vinvolcom/i-trace/2013/laseparation/p2mm/controleurs/recherche.php on line 90
[24-Jun-2013 12:33:52] PHP Warning:  array_multisort() [<a href='function.array-multisort'>function.array-multisort</a>]: Argument #1 is expected to be an array or a sort flag in /hermes/waloraweb080/b1625/moo.vinvolcom/i-trace/2013/laseparation/p2mm/controleurs/recherche.php on line 90
[25-Jun-2013 17:23:35] PHP Fatal error:  Call to a member function fetch() on a non-object in /hermes/waloraweb080/b1625/moo.vinvolcom/i-trace/2013/laseparation/p2mm/modele/Managers/LettreManager.php on line 34
[25-Jun-2013 17:24:05] PHP Fatal error:  Call to a member function fetch() on a non-object in /hermes/waloraweb080/b1625/moo.vinvolcom/i-trace/2013/laseparation/p2mm/modele/Managers/LettreManager.php on line 34
[25-Jun-2013 17:24:07] PHP Fatal error:  Call to a member function fetch() on a non-object in /hermes/waloraweb080/b1625/moo.vinvolcom/i-trace/2013/laseparation/p2mm/modele/Managers/LettreManager.php on line 34
[25-Jun-2013 17:24:10] PHP Fatal error:  Call to a member function fetch() on a non-object in /hermes/waloraweb080/b1625/moo.vinvolcom/i-trace/2013/laseparation/p2mm/modele/Managers/LettreManager.php on line 34
[25-Jun-2013 17:24:12] PHP Fatal error:  Call to a member function fetch() on a non-object in /hermes/waloraweb080/b1625/moo.vinvolcom/i-trace/2013/laseparation/p2mm/modele/Managers/LettreManager.php on line 34
[25-Jun-2013 17:24:29] PHP Fatal error:  Call to a member function fetch() on a non-object in /hermes/waloraweb080/b1625/moo.vinvolcom/i-trace/2013/laseparation/p2mm/modele/Managers/LettreManager.php on line 34
[25-Jun-2013 17:24:34] PHP Fatal error:  Call to a member function fetch() on a non-object in /hermes/waloraweb080/b1625/moo.vinvolcom/i-trace/2013/laseparation/p2mm/modele/Managers/LettreManager.php on line 34
[25-Jun-2013 17:24:34] PHP Fatal error:  Call to a member function fetch() on a non-object in /hermes/waloraweb080/b1625/moo.vinvolcom/i-trace/2013/laseparation/p2mm/modele/Managers/LettreManager.php on line 34
[25-Jun-2013 17:24:36] PHP Fatal error:  Call to a member function fetch() on a non-object in /hermes/waloraweb080/b1625/moo.vinvolcom/i-trace/2013/laseparation/p2mm/modele/Managers/LettreManager.php on line 34
[25-Jun-2013 17:24:46] PHP Warning:  Invalid argument supplied for foreach() in /hermes/waloraweb080/b1625/moo.vinvolcom/i-trace/2013/laseparation/p2mm/vue/recherche.php on line 47
[25-Jun-2013 17:24:46] PHP Warning:  Invalid argument supplied for foreach() in /hermes/waloraweb080/b1625/moo.vinvolcom/i-trace/2013/laseparation/p2mm/vue/recherche.php on line 54
[25-Jun-2013 17:24:53] PHP Warning:  Invalid argument supplied for foreach() in /hermes/waloraweb080/b1625/moo.vinvolcom/i-trace/2013/laseparation/p2mm/vue/recherche.php on line 47
[25-Jun-2013 17:24:53] PHP Warning:  Invalid argument supplied for foreach() in /hermes/waloraweb080/b1625/moo.vinvolcom/i-trace/2013/laseparation/p2mm/vue/recherche.php on line 54
[26-Jun-2013 10:13:41] PHP Warning:  fsockopen() [<a href='function.fsockopen'>function.fsockopen</a>]: unable to connect to localhost:33456 (Permission denied) in /hermes/waloraweb080/b1625/moo.vinvolcom/vinvol.com/experiments/crawl/proxy.php on line 9
[26-Jun-2013 10:13:41] PHP Warning:  fwrite(): supplied argument is not a valid stream resource in /hermes/waloraweb080/b1625/moo.vinvolcom/vinvol.com/experiments/crawl/proxy.php on line 17
[26-Jun-2013 10:13:41] PHP Warning:  fread(): supplied argument is not a valid stream resource in /hermes/waloraweb080/b1625/moo.vinvolcom/vinvol.com/experiments/crawl/proxy.php on line 20
[26-Jun-2013 10:13:43] PHP Warning:  fsockopen() [<a href='function.fsockopen'>function.fsockopen</a>]: unable to connect to localhost:33456 (Permission denied) in /hermes/waloraweb080/b1625/moo.vinvolcom/vinvol.com/experiments/crawl/proxy.php on line 9
[26-Jun-2013 10:13:43] PHP Warning:  fwrite(): supplied argument is not a valid stream resource in /hermes/waloraweb080/b1625/moo.vinvolcom/vinvol.com/experiments/crawl/proxy.php on line 17
[26-Jun-2013 10:13:43] PHP Warning:  fread(): supplied argument is not a valid stream resource in /hermes/waloraweb080/b1625/moo.vinvolcom/vinvol.com/experiments/crawl/proxy.php on line 20
[04-Jul-2013 15:27:42] PHP Parse error:  syntax error, unexpected T_ECHO, expecting ',' or ';' in /hermes/waloraweb080/b1625/moo.vinvolcom/i-trace/2013/laseparation/phpcron.php on line 18
